<?xml version="1.0" encoding="UTF-8"?>
<!-- Generated by org.testng.reporters.JUnitReportReporter -->
<testsuite hostname="DESKTOP-TVKQ1TM" failures="0" tests="2" name="testNGprogrames.CheckboxFindElement" time="14.097" errors="0" timestamp="2024-07-22T17:43:53 IST" skipped="0">
  <testcase classname="testNGprogrames.CheckboxFindElement" name="verifyTheCheckboxesUsingSendKeys" time="7.835"/>
  <system-out/>
  <testcase classname="testNGprogrames.CheckboxFindElement" name="verifyTheMultipleCheckboxesUsingSendKeys" time="6.262"/>
  <system-out/>
</testsuite> <!-- testNGprogrames.CheckboxFindElement -->
