<?xml version="1.0" encoding="UTF-8"?>
<!-- Generated by org.testng.reporters.JUnitReportReporter -->
<testsuite hostname="DESKTOP-TVKQ1TM" failures="0" tests="5" name="testNGprogrames.AnnotationProgrames1" time="21.506" errors="0" timestamp="2024-07-08T20:44:49 IST" skipped="0">
  <testcase classname="testNGprogrames.AnnotationProgrames1" name="verifyToSelectAndDeselectAllValuesFromDp" time="3.745"/>
  <system-out/>
  <testcase classname="testNGprogrames.AnnotationProgrames1" name="verifyIfDropdownIsMultiSelect" time="3.453"/>
  <system-out/>
  <testcase classname="testNGprogrames.AnnotationProgrames1" name="verifyAllOptionsInDropDown" time="3.599"/>
  <system-out/>
  <testcase classname="testNGprogrames.AnnotationProgrames1" name="verifyToSelectValueFromDropdown" time="3.827"/>
  <system-out/>
  <testcase classname="testNGprogrames.AnnotationProgrames1" name="verifyIfSecondDropdownIsMulti" time="6.882"/>
  <system-out/>
</testsuite> <!-- testNGprogrames.AnnotationProgrames1 -->
