<?xml version="1.0" encoding="UTF-8"?>
<!-- Generated by org.testng.reporters.JUnitReportReporter -->
<testsuite hostname="DESKTOP-TVKQ1TM" failures="0" tests="1" name="testNGprogrames.Assignment1d" time="0.751" errors="0" timestamp="2024-07-12T21:54:53 IST" skipped="0">
  <testcase classname="testNGprogrames.Assignment1d" name="testDropdownHandling" time="0.751"/>
  <system-out/>
</testsuite> <!-- testNGprogrames.Assignment1d -->
