<?xml version="1.0" encoding="UTF-8"?>
<!-- Generated by org.testng.reporters.JUnitReportReporter -->
<testsuite hostname="DESKTOP-TVKQ1TM" failures="0" tests="1" name="testNGprogrames.Assignment1c" time="6.532" errors="0" timestamp="2024-07-12T21:53:04 IST" skipped="0">
  <testcase classname="testNGprogrames.Assignment1c" name="testHandleAlerts" time="6.532"/>
  <system-out/>
</testsuite> <!-- testNGprogrames.Assignment1c -->
