<?xml version="1.0" encoding="UTF-8"?>
<!-- Generated by org.testng.reporters.JUnitReportReporter -->
<testsuite hostname="DESKTOP-TVKQ1TM" failures="0" tests="2" name="testNGprogrames.WaitsinSelenium" time="10.528" errors="0" timestamp="2024-07-17T16:56:47 IST" skipped="0">
  <testcase classname="testNGprogrames.WaitsinSelenium" name="verifyExplicitwait" time="6.028"/>
  <system-out/>
  <testcase classname="testNGprogrames.WaitsinSelenium" name="verifyFluventwait" time="4.500"/>
  <system-out/>
</testsuite> <!-- testNGprogrames.WaitsinSelenium -->
