<?xml version="1.0" encoding="UTF-8"?>
<!-- Generated by org.testng.reporters.JUnitReportReporter -->
<testsuite hostname="DESKTOP-TVKQ1TM" failures="0" tests="1" name="testNGprogrames.Assignment1a" time="1.471" errors="0" timestamp="2024-07-12T21:36:28 IST" skipped="0">
  <testcase classname="testNGprogrames.Assignment1a" name="testFormSubmission" time="1.471"/>
  <system-out/>
</testsuite> <!-- testNGprogrames.Assignment1a -->
