<?xml version="1.0" encoding="UTF-8"?>
<!-- Generated by org.testng.reporters.JUnitReportReporter -->
<testsuite hostname="DESKTOP-TVKQ1TM" failures="0" tests="2" name="testNGprogrames.Assignment1b" time="0.307" errors="0" timestamp="2024-07-12T21:40:19 IST" skipped="0">
  <testcase classname="testNGprogrames.Assignment1b" name="printFirstRowValues" time="0.187"/>
  <system-out/>
  <testcase classname="testNGprogrames.Assignment1b" name="verifyTableHeadings" time="0.120"/>
  <system-out/>
</testsuite> <!-- testNGprogrames.Assignment1b -->
