<?xml version="1.0" encoding="UTF-8"?>
<!-- Generated by org.testng.reporters.JUnitReportReporter -->
<testsuite hostname="DESKTOP-TVKQ1TM" failures="0" tests="2" name="testNGprogrames.Samplefirstprogame" time="0.017" errors="0" timestamp="2024-07-08T13:41:07 IST" skipped="0">
  <testcase classname="testNGprogrames.Samplefirstprogame" name="Testcase2" time="0.002"/>
  <system-out/>
  <testcase classname="testNGprogrames.Samplefirstprogame" name="Testcase1" time="0.015"/>
  <system-out/>
</testsuite> <!-- testNGprogrames.Samplefirstprogame -->
