<?xml version="1.0" encoding="UTF-8"?>
<!-- Generated by org.testng.reporters.JUnitReportReporter -->
<testsuite hostname="DESKTOP-TVKQ1TM" failures="0" tests="1" name="testNGprogrames.Assignment1e" time="1.332" errors="0" timestamp="2024-07-13T09:00:51 IST" skipped="0">
  <testcase classname="testNGprogrames.Assignment1e" name="verifyFileUpload" time="1.332"/>
  <system-out/>
</testsuite> <!-- testNGprogrames.Assignment1e -->
