<?xml version="1.0" encoding="UTF-8"?>
<!-- Generated by org.testng.reporters.JUnitReportReporter -->
<testsuite hostname="DESKTOP-TVKQ1TM" failures="0" tests="1" name="testNGprogrames.TooltipLiveShow" time="0.429" errors="0" timestamp="2024-07-16T23:08:29 IST" skipped="0">
  <testcase classname="testNGprogrames.TooltipLiveShow" name="verifyLiveTooltip" time="0.429"/>
  <system-out/>
</testsuite> <!-- testNGprogrames.TooltipLiveShow -->
